<?xml version="1.0" encoding="utf-8"?><testsuites><testsuite name="pytest" errors="0" failures="0" skipped="1" tests="3" time="0.208" timestamp="2026-05-12T16:53:10.832720" hostname="DESKTOP-GVPFGND"><testcase classname="robot_description.test.test_copyright" name="test_copyright" time="0.000"><skipped type="pytest.skip" message="No copyright header has been placed in the generated source file.">/home/omar/code/robotics_project/ros2_ws/src/robot_description/test/test_copyright.py:20: No copyright header has been placed in the generated source file.</skipped></testcase><testcase classname="robot_description.test.test_flake8" name="test_flake8" time="0.111" /><testcase classname="robot_description.test.test_pep257" name="test_pep257" time="0.015" /></testsuite></testsuites>